<?xml version="1.0" encoding="UTF-8"?>
<!-- Generated by org.testng.reporters.JUnitReportReporter -->
<testsuite skipped="0" hostname="MIBLR-LP0022" name="com.bpci.testCases.APIMethodCall" tests="1" failures="0" timestamp="18 Oct 2019 11:57:01 GMT" time="19.996" errors="0">
  <testcase name="dataPopulator" time="19.996" classname="com.bpci.testCases.APIMethodCall"/>
</testsuite> <!-- com.bpci.testCases.APIMethodCall -->
