<?xml version="1.0" encoding="UTF-8"?>
<!-- Generated by org.testng.reporters.JUnitReportReporter -->
<testsuite hostname="DESKTOP-8J3BGIT" failures="0" tests="7" name="com.bpci.testCases.TC004_Get_PercentageOfReadmission" time="0.029" errors="0" timestamp="03 Jul 2019 13:01:54 GMT" skipped="0">
  <testcase classname="com.bpci.testCases.TC004_Get_PercentageOfReadmission" name="checkResponseTime" time="0.001"/>
  <testcase classname="com.bpci.testCases.TC004_Get_PercentageOfReadmission" name="checkPercentageOfReadmission" time="0.017"/>
  <testcase classname="com.bpci.testCases.TC004_Get_PercentageOfReadmission" name="checkContentLength" time="0.004"/>
  <testcase classname="com.bpci.testCases.TC004_Get_PercentageOfReadmission" name="checkServerType" time="0.001"/>
  <testcase classname="com.bpci.testCases.TC004_Get_PercentageOfReadmission" name="checkStatusCode" time="0.002"/>
  <testcase classname="com.bpci.testCases.TC004_Get_PercentageOfReadmission" name="checkStatusLine" time="0.002"/>
  <testcase classname="com.bpci.testCases.TC004_Get_PercentageOfReadmission" name="checkContentType" time="0.002"/>
</testsuite> <!-- com.bpci.testCases.TC004_Get_PercentageOfReadmission -->
