<?xml version="1.0" encoding="UTF-8"?>
<!-- Generated by org.testng.reporters.JUnitReportReporter -->
<testsuite hostname="DESKTOP-8J3BGIT" failures="0" tests="7" name="com.bpci.testCases.TC002_Get_AverageLOS" time="0.060" errors="0" timestamp="03 Jul 2019 13:01:54 GMT" skipped="0">
  <testcase classname="com.bpci.testCases.TC002_Get_AverageLOS" name="checkContentType" time="0.003"/>
  <testcase classname="com.bpci.testCases.TC002_Get_AverageLOS" name="checkAverageLOS" time="0.043"/>
  <testcase classname="com.bpci.testCases.TC002_Get_AverageLOS" name="checkServerType" time="0.003"/>
  <testcase classname="com.bpci.testCases.TC002_Get_AverageLOS" name="checkStatusLine" time="0.003"/>
  <testcase classname="com.bpci.testCases.TC002_Get_AverageLOS" name="checkResponseTime" time="0.003"/>
  <testcase classname="com.bpci.testCases.TC002_Get_AverageLOS" name="checkContentLength" time="0.002"/>
  <testcase classname="com.bpci.testCases.TC002_Get_AverageLOS" name="checkStatusCode" time="0.003"/>
</testsuite> <!-- com.bpci.testCases.TC002_Get_AverageLOS -->
