<?xml version="1.0" encoding="UTF-8"?>
<!-- Generated by org.testng.reporters.JUnitReportReporter -->
<testsuite skipped="0" hostname="MIBLR-LP0022" name="com.bpci.testCases.PostRequestAPIMethodCall" tests="1" failures="0" timestamp="24 Sep 2019 12:22:34 GMT" time="70.199" errors="0">
  <testcase name="dataPopulator" time="70.199" classname="com.bpci.testCases.PostRequestAPIMethodCall"/>
</testsuite> <!-- com.bpci.testCases.PostRequestAPIMethodCall -->
