<?xml version="1.0" encoding="UTF-8"?>
<!-- Generated by org.testng.reporters.JUnitReportReporter -->
<testsuite hostname="DESKTOP-8J3BGIT" failures="0" tests="1" name="com.bpci.testCases.TC007_Get_EpisodeSummaryDetails" time="0.466" errors="0" timestamp="04 Jul 2019 06:09:12 GMT" skipped="0">
  <testcase classname="com.bpci.testCases.TC007_Get_EpisodeSummaryDetails" name="checkEpisodeSummaryDetails" time="0.466"/>
</testsuite> <!-- com.bpci.testCases.TC007_Get_EpisodeSummaryDetails -->
