<?xml version="1.0" encoding="UTF-8"?>
<!-- Generated by org.testng.reporters.JUnitReportReporter -->
<testsuite skipped="0" hostname="MIBLR-LP0022" name="com.bpci.bdd.TestNegativeTesting" tests="1" failures="0" timestamp="28 Sep 2019 18:17:06 GMT" time="0.014" errors="0">
  <testcase name="negativeTest" time="0.014" classname="com.bpci.bdd.TestNegativeTesting"/>
</testsuite> <!-- com.bpci.bdd.TestNegativeTesting -->
