<?xml version="1.0" encoding="UTF-8"?>
<!-- Generated by org.testng.reporters.JUnitReportReporter -->
<testsuite hostname="DESKTOP-VN95N0C" failures="0" tests="1" name="com.bpci.testCases.TC014_Get_Initiator_Name" time="0.676" errors="0" timestamp="15 Jul 2019 09:55:32 GMT" skipped="0">
  <testcase classname="com.bpci.testCases.TC014_Get_Initiator_Name" name="checkEpisodeSummary" time="0.676"/>
</testsuite> <!-- com.bpci.testCases.TC014_Get_Initiator_Name -->
