<?xml version="1.0" encoding="UTF-8"?>
<!-- Generated by org.testng.reporters.JUnitReportReporter -->
<testsuite skipped="0" hostname="MIBLR-LP0022" name="com.bpci.bdd.GetRequestBDD" tests="1" failures="0" timestamp="28 Sep 2019 08:16:28 GMT" time="1.763" errors="0">
  <testcase name="getTc001" time="1.763" classname="com.bpci.bdd.GetRequestBDD"/>
</testsuite> <!-- com.bpci.bdd.GetRequestBDD -->
