<?xml version="1.0" encoding="UTF-8"?>
<!-- Generated by org.testng.reporters.JUnitReportReporter -->
<testsuite skipped="0" hostname="MIBLR-LP0022" name="com.bpci.testCases.TestPost" tests="1" failures="0" timestamp="24 Sep 2019 09:11:00 GMT" time="2.301" errors="0">
  <testcase name="postMethod" time="2.301" classname="com.bpci.testCases.TestPost"/>
</testsuite> <!-- com.bpci.testCases.TestPost -->
