<?xml version="1.0" encoding="UTF-8"?>
<!-- Generated by org.testng.reporters.JUnitReportReporter -->
<testsuite skipped="0" hostname="MIBLR-LP0022" name="com.bpci.testCases.GetRequestUsingExcel" tests="1" failures="0" timestamp="12 Sep 2019 12:50:00 GMT" time="2.042" errors="0">
  <testcase name="validateAllGetRequest" time="2.042" classname="com.bpci.testCases.GetRequestUsingExcel"/>
</testsuite> <!-- com.bpci.testCases.GetRequestUsingExcel -->
