<?xml version="1.0" encoding="UTF-8"?>
<!-- Generated by org.testng.reporters.JUnitReportReporter -->
<testsuite hostname="DESKTOP-VN95N0C" failures="0" tests="1" name="com.bpci.testCases.TC015_Post_Insert_Episode_Details" time="0.870" errors="0" timestamp="11 Jul 2019 07:04:01 GMT" skipped="0">
  <testcase classname="com.bpci.testCases.TC015_Post_Insert_Episode_Details" name="validateEpisodeDetails" time="0.870"/>
</testsuite> <!-- com.bpci.testCases.TC015_Post_Insert_Episode_Details -->
