<?xml version="1.0" encoding="UTF-8"?>
<!-- Generated by org.testng.reporters.JUnitReportReporter -->
<testsuite hostname="DESKTOP-VN95N0C" failures="0" tests="1" name="com.bpci.testCases.TC002_Get_AverageLOS" time="6.507" errors="0" timestamp="11 Jul 2019 10:46:54 GMT" skipped="0">
  <testcase classname="com.bpci.testCases.TC002_Get_AverageLOS" name="checkAvgLosForStartDateFilter" time="6.507"/>
</testsuite> <!-- com.bpci.testCases.TC002_Get_AverageLOS -->
