<?xml version="1.0" encoding="UTF-8"?>
<!-- Generated by org.testng.reporters.JUnitReportReporter -->
<testsuite hostname="DESKTOP-VN95N0C" failures="0" tests="1" name="com.bpci.testCases.GetEventDetailsBasedOnEpisode" time="13.633" errors="0" timestamp="27 Aug 2019 12:39:48 GMT" skipped="0">
  <testcase classname="com.bpci.testCases.GetEventDetailsBasedOnEpisode" name="valiateEventDetails" time="13.633"/>
</testsuite> <!-- com.bpci.testCases.GetEventDetailsBasedOnEpisode -->
