<?xml version="1.0" encoding="UTF-8"?>
<!-- Generated by org.testng.reporters.JUnitReportReporter -->
<testsuite hostname="DESKTOP-8J3BGIT" failures="0" tests="7" name="com.bpci.testCases.TC003_Get_ProjectedCostPerYear" time="0.021" errors="0" timestamp="15 Jul 2019 07:41:18 GMT" skipped="0">
  <testcase classname="com.bpci.testCases.TC003_Get_ProjectedCostPerYear" name="checkContentLength" time="0.004"/>
  <testcase classname="com.bpci.testCases.TC003_Get_ProjectedCostPerYear" name="checkProjectedCost" time="0.016"/>
  <testcase classname="com.bpci.testCases.TC003_Get_ProjectedCostPerYear" name="checkStatusLine" time="0.000"/>
  <testcase classname="com.bpci.testCases.TC003_Get_ProjectedCostPerYear" name="checkContentType" time="0.001"/>
  <testcase classname="com.bpci.testCases.TC003_Get_ProjectedCostPerYear" name="checkServerType" time="0.000"/>
  <testcase classname="com.bpci.testCases.TC003_Get_ProjectedCostPerYear" name="checkStatusCode" time="0.000"/>
  <testcase classname="com.bpci.testCases.TC003_Get_ProjectedCostPerYear" name="checkResponseTime" time="0.000"/>
</testsuite> <!-- com.bpci.testCases.TC003_Get_ProjectedCostPerYear -->
