<?xml version="1.0" encoding="UTF-8"?>
<!-- Generated by org.testng.reporters.JUnitReportReporter -->
<testsuite hostname="DESKTOP-VN95N0C" failures="0" tests="1" name="com.bpci.testCases.GetEpisodeDetails" time="12.712" errors="0" timestamp="12 Aug 2019 09:10:04 GMT" skipped="0">
  <testcase classname="com.bpci.testCases.GetEpisodeDetails" name="valiateEpisodeDetails" time="12.712"/>
</testsuite> <!-- com.bpci.testCases.GetEpisodeDetails -->
