<?xml version="1.0" encoding="UTF-8"?>
<!-- Generated by org.testng.reporters.JUnitReportReporter -->
<testsuite hostname="DESKTOP-VN95N0C" failures="0" tests="1" name="com.bpci.testCases.TC008_Get_ClinicalEpisodeType" time="0.295" errors="0" timestamp="11 Jul 2019 06:12:36 GMT" skipped="0">
  <testcase classname="com.bpci.testCases.TC008_Get_ClinicalEpisodeType" name="checkClinicalEpisodeDetails" time="0.295"/>
</testsuite> <!-- com.bpci.testCases.TC008_Get_ClinicalEpisodeType -->
