<?xml version="1.0" encoding="UTF-8"?>
<!-- Generated by org.testng.reporters.JUnitReportReporter -->
<testsuite hostname="DESKTOP-8J3BGIT" failures="0" tests="1" name="com.bpci.base.TestBase" time="0.010" errors="0" timestamp="24 Jun 2019 12:11:45 GMT" skipped="0">
  <testcase classname="com.bpci.base.TestBase" name="tearDown" time="0.010"/>
</testsuite> <!-- com.bpci.base.TestBase -->
