<?xml version="1.0" encoding="UTF-8"?>
<!-- Generated by org.testng.reporters.JUnitReportReporter -->
<testsuite hostname="DESKTOP-VN95N0C" failures="0" tests="1" name="com.bpci.testCases.TC003_Get_ProjectedCostPerYear" time="0.827" errors="0" timestamp="12 Jul 2019 09:08:58 GMT" skipped="0">
  <testcase classname="com.bpci.testCases.TC003_Get_ProjectedCostPerYear" name="getProjectCostWithDischargeDispositionFilter" time="0.827"/>
</testsuite> <!-- com.bpci.testCases.TC003_Get_ProjectedCostPerYear -->
