<?xml version="1.0" encoding="UTF-8"?>
<!-- Generated by org.testng.reporters.JUnitReportReporter -->
<testsuite hostname="DESKTOP-8J3BGIT" failures="0" tests="1" name="com.bpci.testCases.TC001_Get_ActiveAdmissionCount" time="1.449" errors="0" timestamp="16 Jul 2019 05:48:32 GMT" skipped="0">
  <testcase classname="com.bpci.testCases.TC001_Get_ActiveAdmissionCount" name="checkActiveEpisodeFilterByDischargeDate" time="1.449"/>
</testsuite> <!-- com.bpci.testCases.TC001_Get_ActiveAdmissionCount -->
