<?xml version="1.0" encoding="UTF-8"?>
<!-- Generated by org.testng.reporters.JUnitReportReporter -->
<testsuite hostname="DESKTOP-8J3BGIT" failures="0" tests="7" name="com.bpci.testCases.TC005_Get_PercentageDischargeToSNF" time="0.033" errors="0" timestamp="03 Jul 2019 13:01:54 GMT" skipped="0">
  <testcase classname="com.bpci.testCases.TC005_Get_PercentageDischargeToSNF" name="checkServerType" time="0.002"/>
  <testcase classname="com.bpci.testCases.TC005_Get_PercentageDischargeToSNF" name="checkStatusLine" time="0.002"/>
  <testcase classname="com.bpci.testCases.TC005_Get_PercentageDischargeToSNF" name="checkResponseTime" time="0.002"/>
  <testcase classname="com.bpci.testCases.TC005_Get_PercentageDischargeToSNF" name="checkContentType" time="0.002"/>
  <testcase classname="com.bpci.testCases.TC005_Get_PercentageDischargeToSNF" name="checkContentLength" time="0.004"/>
  <testcase classname="com.bpci.testCases.TC005_Get_PercentageDischargeToSNF" name="checkStatusCode" time="0.002"/>
  <testcase classname="com.bpci.testCases.TC005_Get_PercentageDischargeToSNF" name="checkPercentageDischargeToSNF" time="0.019"/>
</testsuite> <!-- com.bpci.testCases.TC005_Get_PercentageDischargeToSNF -->
