<?xml version="1.0" encoding="UTF-8"?>
<!-- Generated by org.testng.reporters.JUnitReportReporter -->
<testsuite hostname="DESKTOP-8J3BGIT" failures="0" tests="7" name="com.bpci.testCases.TC001_Get_ActiveAdmissionCount" time="0.540" errors="0" timestamp="03 Jul 2019 13:01:54 GMT" skipped="0">
  <testcase classname="com.bpci.testCases.TC001_Get_ActiveAdmissionCount" name="checkContentLength" time="0.005"/>
  <testcase classname="com.bpci.testCases.TC001_Get_ActiveAdmissionCount" name="checkResponseTime" time="0.003"/>
  <testcase classname="com.bpci.testCases.TC001_Get_ActiveAdmissionCount" name="checkStatusLine" time="0.003"/>
  <testcase classname="com.bpci.testCases.TC001_Get_ActiveAdmissionCount" name="checkStatusCode" time="0.002"/>
  <testcase classname="com.bpci.testCases.TC001_Get_ActiveAdmissionCount" name="checkServerType" time="0.003"/>
  <testcase classname="com.bpci.testCases.TC001_Get_ActiveAdmissionCount" name="checkAdmissionCount" time="0.521"/>
  <testcase classname="com.bpci.testCases.TC001_Get_ActiveAdmissionCount" name="checkContentType" time="0.003"/>
</testsuite> <!-- com.bpci.testCases.TC001_Get_ActiveAdmissionCount -->
