<?xml version="1.0" encoding="UTF-8"?>
<!-- Generated by org.testng.reporters.JUnitReportReporter -->
<testsuite hostname="DESKTOP-8J3BGIT" failures="0" tests="7" name="com.bpci.testCases.TC007_Get_EpisodeSummaryDetails" time="0.033" errors="0" timestamp="15 Jul 2019 07:41:18 GMT" skipped="0">
  <testcase classname="com.bpci.testCases.TC007_Get_EpisodeSummaryDetails" name="checkContentType" time="0.001"/>
  <testcase classname="com.bpci.testCases.TC007_Get_EpisodeSummaryDetails" name="checkResponseTime" time="0.000"/>
  <testcase classname="com.bpci.testCases.TC007_Get_EpisodeSummaryDetails" name="checkServerType" time="0.000"/>
  <testcase classname="com.bpci.testCases.TC007_Get_EpisodeSummaryDetails" name="checkEpisodeSummaryDetails" time="0.032"/>
  <testcase classname="com.bpci.testCases.TC007_Get_EpisodeSummaryDetails" name="checkStatusCode" time="0.000"/>
  <testcase classname="com.bpci.testCases.TC007_Get_EpisodeSummaryDetails" name="checkStatusLine" time="0.000"/>
  <testcase classname="com.bpci.testCases.TC007_Get_EpisodeSummaryDetails" name="checkContentLength" time="0.000"/>
</testsuite> <!-- com.bpci.testCases.TC007_Get_EpisodeSummaryDetails -->
