<?xml version="1.0" encoding="UTF-8"?>
<!-- Generated by org.testng.reporters.JUnitReportReporter -->
<testsuite hostname="DESKTOP-8J3BGIT" failures="0" tests="1" name="com.bpci.testCases.TC014_Get_Initiator_Name" time="4.429" errors="0" timestamp="17 Jul 2019 05:44:51 GMT" skipped="0">
  <testcase classname="com.bpci.testCases.TC014_Get_Initiator_Name" name="checkEpisodeSummary" time="4.429"/>
</testsuite> <!-- com.bpci.testCases.TC014_Get_Initiator_Name -->
