<?xml version="1.0" encoding="UTF-8"?>
<!-- Generated by org.testng.reporters.JUnitReportReporter -->
<<<<<<< HEAD
<testsuite hostname="DESKTOP-VN95N0C" failures="0" tests="1" name="com.bpci.testCases.TC002_Get_AverageLOS" time="6.507" errors="0" timestamp="11 Jul 2019 10:46:54 GMT" skipped="0">
  <testcase classname="com.bpci.testCases.TC002_Get_AverageLOS" name="checkAvgLosForStartDateFilter" time="6.507"/>
=======
<testsuite hostname="DESKTOP-8J3BGIT" failures="0" tests="7" name="com.bpci.testCases.TC002_Get_AverageLOS" time="0.003" errors="0" timestamp="15 Jul 2019 07:41:18 GMT" skipped="0">
  <testcase classname="com.bpci.testCases.TC002_Get_AverageLOS" name="checkContentType" time="0.000"/>
  <testcase classname="com.bpci.testCases.TC002_Get_AverageLOS" name="checkResponseTime" time="0.000"/>
  <testcase classname="com.bpci.testCases.TC002_Get_AverageLOS" name="checkContentLength" time="0.000"/>
  <testcase classname="com.bpci.testCases.TC002_Get_AverageLOS" name="checkStatusCode" time="0.000"/>
  <testcase classname="com.bpci.testCases.TC002_Get_AverageLOS" name="checkServerType" time="0.000"/>
  <testcase classname="com.bpci.testCases.TC002_Get_AverageLOS" name="checkStatusLine" time="0.000"/>
  <testcase classname="com.bpci.testCases.TC002_Get_AverageLOS" name="checkAverageLOS" time="0.003"/>
>>>>>>> d7658d74c11a26158bd510b47ff26e1b2e15be75
</testsuite> <!-- com.bpci.testCases.TC002_Get_AverageLOS -->
