<?xml version="1.0" encoding="UTF-8"?>
<!-- Generated by org.testng.reporters.JUnitReportReporter -->
<testsuite skipped="0" hostname="MIBLR-LP0022" name="com.bpci.testCases.APIWithoutRootNode" tests="1" failures="0" timestamp="12 Sep 2019 12:50:00 GMT" time="0.775" errors="0">
  <testcase name="getWeatherDetails" time="0.775" classname="com.bpci.testCases.APIWithoutRootNode"/>
</testsuite> <!-- com.bpci.testCases.APIWithoutRootNode -->
