<?xml version="1.0" encoding="UTF-8"?>
<!-- Generated by org.testng.reporters.JUnitReportReporter -->
<testsuite hostname="DESKTOP-8J3BGIT" failures="0" tests="7" name="com.bpci.testCases.TC006_Get_EpisodeSummary" time="0.369" errors="0" timestamp="04 Jul 2019 06:19:53 GMT" skipped="0">
  <testcase classname="com.bpci.testCases.TC006_Get_EpisodeSummary" name="checkStatusCode" time="0.002"/>
  <testcase classname="com.bpci.testCases.TC006_Get_EpisodeSummary" name="checkContentType" time="0.002"/>
  <testcase classname="com.bpci.testCases.TC006_Get_EpisodeSummary" name="checkServerType" time="0.002"/>
  <testcase classname="com.bpci.testCases.TC006_Get_EpisodeSummary" name="checkResponseTime" time="0.002"/>
  <testcase classname="com.bpci.testCases.TC006_Get_EpisodeSummary" name="checkEpisodeSummary" time="0.344"/>
  <testcase classname="com.bpci.testCases.TC006_Get_EpisodeSummary" name="checkContentLength" time="0.015"/>
  <testcase classname="com.bpci.testCases.TC006_Get_EpisodeSummary" name="checkStatusLine" time="0.002"/>
</testsuite> <!-- com.bpci.testCases.TC006_Get_EpisodeSummary -->
