<?xml version="1.0" encoding="UTF-8"?>
<!-- Generated by org.testng.reporters.JUnitReportReporter -->
<testsuite hostname="DESKTOP-8J3BGIT" failures="0" tests="1" name="com.bpci.testCases.TC005_Get_PercentageDischargeToSNF" time="1.073" errors="0" timestamp="15 Jul 2019 11:23:16 GMT" skipped="0">
  <testcase classname="com.bpci.testCases.TC005_Get_PercentageDischargeToSNF" name="validatePercentageDischargeToSNFFilterByInactive" time="1.073"/>
</testsuite> <!-- com.bpci.testCases.TC005_Get_PercentageDischargeToSNF -->
